2025-06-03 14:48:37,109 | INFO | Seed strategy created: Momentum15Y
2025-06-03 14:48:37,109 | INFO | Seed strategy created: MeanRev15Y
2025-06-03 14:48:37,109 | INFO | Seed strategy created: Breakout15Y
2025-06-03 14:48:37,109 | INFO | Seed strategy created: Volatility15Y
2025-06-03 14:48:37,109 | INFO | Seed strategy created: TrendFollow15Y
2025-06-03 14:48:49,458 | INFO | Strategy deployed: Momentum15Y
2025-06-03 14:48:49,458 | INFO |   Project ID: 23345891
2025-06-03 14:48:49,458 | INFO |   Backtest ID: e99568ec3078a311f02c89a8f9707a6d
2025-06-03 14:48:49,458 | INFO |   URL: https://www.quantconnect.com/terminal/23345891#open/e99568ec3078a311f02c89a8f9707a6d
2025-06-03 14:49:46,776 | INFO | Strategy deployed: MeanRev15Y
2025-06-03 14:49:46,776 | INFO |   Project ID: 23345908
2025-06-03 14:49:46,776 | INFO |   Backtest ID: 7b94a3f5d628a17c2f45c002f26d66b5
2025-06-03 14:49:46,776 | INFO |   URL: https://www.quantconnect.com/terminal/23345908#open/7b94a3f5d628a17c2f45c002f26d66b5
2025-06-03 14:50:44,160 | INFO | Strategy deployed: Breakout15Y
2025-06-03 14:50:44,161 | INFO |   Project ID: 23345931
2025-06-03 14:50:44,161 | INFO |   Backtest ID: c6c7426f1e7d14530cb3075c612fddb2
2025-06-03 14:50:44,161 | INFO |   URL: https://www.quantconnect.com/terminal/23345931#open/c6c7426f1e7d14530cb3075c612fddb2
2025-06-03 14:51:41,764 | INFO | Strategy deployed: Volatility15Y
2025-06-03 14:51:41,764 | INFO |   Project ID: 23345955
2025-06-03 14:51:41,764 | INFO |   Backtest ID: 8e57009c3a6b945ff9946ecd3678bcb5
2025-06-03 14:51:41,764 | INFO |   URL: https://www.quantconnect.com/terminal/23345955#open/8e57009c3a6b945ff9946ecd3678bcb5
2025-06-03 14:52:39,492 | INFO | Strategy deployed: TrendFollow15Y
2025-06-03 14:52:39,492 | INFO |   Project ID: 23345969
2025-06-03 14:52:39,492 | INFO |   Backtest ID: 14904858766322e633bfab9a273110fb
2025-06-03 14:52:39,492 | INFO |   URL: https://www.quantconnect.com/terminal/23345969#open/14904858766322e633bfab9a273110fb
