2025-06-03 16:30:31,592 | INFO | 🚀 STARTING REALISTIC EVOLUTION - MAX 1.2x LEVERAGE
2025-06-03 16:30:31,592 | INFO | Realistic seed created: Realistic_SmartScalper_Gen0 with 1.1x leverage
2025-06-03 16:30:31,592 | INFO | Realistic seed created: Realistic_PrecisionTrader_Gen0 with 1.15x leverage
2025-06-03 16:30:31,592 | INFO | Realistic seed created: Realistic_HighFreqMaster_Gen0 with 1.2x leverage
2025-06-03 16:30:31,592 | INFO | Realistic seed created: Realistic_SwiftMomentum_Gen0 with 1.05x leverage
2025-06-03 16:30:31,592 | INFO | Realistic seed created: Realistic_ActiveTrader_Gen0 with 1.18x leverage
2025-06-03 16:30:31,592 | INFO | Realistic seed created: Realistic_QuickPulse_Gen0 with 1.12x leverage
2025-06-03 16:30:31,592 | INFO | Realistic seed created: Realistic_NimbleStrategy_Gen0 with 1.08x leverage
2025-06-03 16:30:31,592 | INFO | Realistic seed created: Realistic_AgileAlpha_Gen0 with 1.2x leverage
2025-06-03 16:32:14,171 | INFO | REALISTIC RESULTS: Realistic_SmartScalper_Gen0 - 0.48% CAGR, 28 trades
2025-06-03 16:32:40,246 | INFO | 🚀 STARTING REALISTIC EVOLUTION - MAX 1.2x LEVERAGE
2025-06-03 16:32:40,246 | INFO | Realistic seed created: Realistic_SmartScalper_Gen0 with 1.1x leverage
2025-06-03 16:32:40,246 | INFO | Realistic seed created: Realistic_PrecisionTrader_Gen0 with 1.15x leverage
2025-06-03 16:32:40,246 | INFO | Realistic seed created: Realistic_HighFreqMaster_Gen0 with 1.2x leverage
2025-06-03 16:32:40,246 | INFO | Realistic seed created: Realistic_SwiftMomentum_Gen0 with 1.05x leverage
2025-06-03 16:32:40,246 | INFO | Realistic seed created: Realistic_ActiveTrader_Gen0 with 1.18x leverage
2025-06-03 16:32:40,246 | INFO | Realistic seed created: Realistic_QuickPulse_Gen0 with 1.12x leverage
2025-06-03 16:32:40,246 | INFO | Realistic seed created: Realistic_NimbleStrategy_Gen0 with 1.08x leverage
2025-06-03 16:32:40,246 | INFO | Realistic seed created: Realistic_AgileAlpha_Gen0 with 1.2x leverage
2025-06-03 16:34:22,930 | INFO | REALISTIC RESULTS: Realistic_SmartScalper_Gen0 - 0.48% CAGR, 28 trades
